%!Adobe-FontList 1.19
%Locale:0x412

%BeginFont
Handler:DirectoryHandler
FontType:TrueType
FontName:MapoFlowerIsland
FamilyName:MapoFlowerIsland
StyleName:Regular
FullName:MapoFlowerIsland
MenuName:Mapo꽃섬
StyleBits:0
FamilyNameNative:Mapo꽃섬
StyleNameNative:Regular
FullNameNative:Mapo꽃섬
WritingScript:Korean
OutlineFileName:F:\수진학원\★포트폴리오\Font\MapoFlowerIsland\MapoFlowerIsland.ttf
DataFormat:sfntData
hasSVG:no
VariableFontType:NonVariableFont
FileLength:2515144
FileModTime:1571643680
WeightClass:400
WidthClass:5
AngleClass:0
NameArray:0,Mac,18,Mapo꽃섬
NameArray:0,Mac,4,MapoFlowerIsland
NameArray:3,Mac,18,Mapo꽃섬
NameArray:0,Win,1,MapoFlowerIsland
NameArray:3,Win,1,Mapo꽃섬
%EndFont

